<?xml version="1.0" encoding="UTF-8"?>
<testng-results skipped="0" failed="0" ignored="0" total="1" passed="1">
  <reporter-output>
  </reporter-output>
  <suite name="Default suite" duration-ms="16562" started-at="2019-07-18T15:56:29Z" finished-at="2019-07-18T15:56:45Z">
    <groups>
    </groups>
    <test name="Default test" duration-ms="16562" started-at="2019-07-18T15:56:29Z" finished-at="2019-07-18T15:56:45Z">
      <class name="TNpackage.FirstTN">
        <test-method status="PASS" signature="beforeMethod()[pri:0, instance:TNpackage.FirstTN@166e5bd]" name="beforeMethod" is-config="true" duration-ms="12760" started-at="2019-07-18T21:26:29Z" finished-at="2019-07-18T21:26:41Z">
          <reporter-output>
          </reporter-output>
        </test-method> <!-- beforeMethod -->
        <test-method status="PASS" signature="okkk()[pri:0, instance:TNpackage.FirstTN@166e5bd]" name="okkk" duration-ms="518" started-at="2019-07-18T21:26:41Z" finished-at="2019-07-18T21:26:42Z">
          <reporter-output>
          </reporter-output>
        </test-method> <!-- okkk -->
        <test-method status="PASS" signature="afterMethod()[pri:0, instance:TNpackage.FirstTN@166e5bd]" name="afterMethod" is-config="true" duration-ms="3225" started-at="2019-07-18T21:26:42Z" finished-at="2019-07-18T21:26:45Z">
          <reporter-output>
          </reporter-output>
        </test-method> <!-- afterMethod -->
      </class> <!-- TNpackage.FirstTN -->
    </test> <!-- Default test -->
  </suite> <!-- Default suite -->
</testng-results>
